# JRE version: Java(TM) SE Runtime Environment (21.0.7+8) (build 21.0.7+8-LTS-245)
# Java VM: Java HotSpot(TM) 64-Bit Server VM (21.0.7+8-LTS-245, mixed mode, sharing, tiered, compressed oops, compressed class ptrs, g1 gc, windows-amd64)
GC Precious Log:
 CardTable entry size: 512
 Card Set container configuration: InlinePtr #cards 5 size 8 Array Of Cards #cards 12 size 40 Howl #buckets 4 coarsen threshold 1843 Howl Bitmap #cards 512 size 80 coarsen threshold 460 Card regions per heap region 1 cards per card region 2048
 CPUs: 2 total, 2 available
 Memory: 6086M
 Large Page Support: Disabled
 NUMA Support: Disabled
 Compressed Oops: Enabled (32-bit)
 Heap Region Size: 1M
 Heap Min Capacity: 8M
 Heap Initial Capacity: 96M
 Heap Max Capacity: 1522M
 Pre-touch: Disabled
 Parallel Workers: 2
 Concurrent Workers: 1
 Concurrent Refinement Workers: 2
 Periodic GC: Disabled
Heap:
 garbage-first heap   total 37888K, used 27055K [0x00000000a0e00000, 0x0000000100000000)
  region size 1024K, 15 young (15360K), 2 survivors (2048K)
 Metaspace       used 34693K, committed 35136K, reserved 1114112K
  class space    used 4655K, committed 4864K, reserved 1048576K
GC Heap History (16 events):
Event: 0.568 GC heap before
{Heap before GC invocations=0 (full 0):
 garbage-first heap   total 98304K, used 6144K [0x00000000a0e00000, 0x0000000100000000)
  region size 1024K, 6 young (6144K), 0 survivors (0K)
 Metaspace       used 770K, committed 960K, reserved 1114112K
  class space    used 58K, committed 128K, reserved 1048576K
}
Event: 0.574 GC heap after
{Heap after GC invocations=1 (full 0):
 garbage-first heap   total 98304K, used 736K [0x00000000a0e00000, 0x0000000100000000)
  region size 1024K, 1 young (1024K), 1 survivors (1024K)
 Metaspace       used 770K, committed 960K, reserved 1114112K
  class space    used 58K, committed 128K, reserved 1048576K
}
Event: 1.589 GC heap before
{Heap before GC invocations=1 (full 0):
 garbage-first heap   total 98304K, used 6880K [0x00000000a0e00000, 0x0000000100000000)
  region size 1024K, 8 young (8192K), 1 survivors (1024K)
 Metaspace       used 4185K, committed 4352K, reserved 1114112K
  class space    used 457K, committed 512K, reserved 1048576K
}
Event: 1.597 GC heap after
{Heap after GC invocations=2 (full 0):
 garbage-first heap   total 98304K, used 3019K [0x00000000a0e00000, 0x0000000100000000)
  region size 1024K, 1 young (1024K), 1 survivors (1024K)
 Metaspace       used 4185K, committed 4352K, reserved 1114112K
  class space    used 457K, committed 512K, reserved 1048576K
}
Event: 3.592 GC heap before
{Heap before GC invocations=2 (full 0):
 garbage-first heap   total 98304K, used 19403K [0x00000000a0e00000, 0x0000000100000000)
  region size 1024K, 18 young (18432K), 1 survivors (1024K)
 Metaspace       used 9312K, committed 9664K, reserved 1114112K
  class space    used 1038K, committed 1216K, reserved 1048576K
}
Event: 3.600 GC heap after
{Heap after GC invocations=3 (full 0):
 garbage-first heap   total 98304K, used 4697K [0x00000000a0e00000, 0x0000000100000000)
  region size 1024K, 3 young (3072K), 3 survivors (3072K)
 Metaspace       used 9312K, committed 9664K, reserved 1114112K
  class space    used 1038K, committed 1216K, reserved 1048576K
}
Event: 5.528 GC heap before
{Heap before GC invocations=3 (full 0):
 garbage-first heap   total 98304K, used 33369K [0x00000000a0e00000, 0x0000000100000000)
  region size 1024K, 32 young (32768K), 3 survivors (3072K)
 Metaspace       used 17044K, committed 17472K, reserved 1114112K
  class space    used 2156K, committed 2368K, reserved 1048576K
}
Event: 5.544 GC heap after
{Heap after GC invocations=4 (full 0):
 garbage-first heap   total 98304K, used 8308K [0x00000000a0e00000, 0x0000000100000000)
  region size 1024K, 4 young (4096K), 4 survivors (4096K)
 Metaspace       used 17044K, committed 17472K, reserved 1114112K
  class space    used 2156K, committed 2368K, reserved 1048576K
}
Event: 7.272 GC heap before
{Heap before GC invocations=4 (full 0):
 garbage-first heap   total 98304K, used 20596K [0x00000000a0e00000, 0x0000000100000000)
  region size 1024K, 18 young (18432K), 4 survivors (4096K)
 Metaspace       used 21129K, committed 21504K, reserved 1114112K
  class space    used 2545K, committed 2752K, reserved 1048576K
}
Event: 7.288 GC heap after
{Heap after GC invocations=5 (full 0):
 garbage-first heap   total 98304K, used 9788K [0x00000000a0e00000, 0x0000000100000000)
  region size 1024K, 6 young (6144K), 6 survivors (6144K)
 Metaspace       used 21129K, committed 21504K, reserved 1114112K
  class space    used 2545K, committed 2752K, reserved 1048576K
}
Event: 10.728 GC heap before
{Heap before GC invocations=6 (full 0):
 garbage-first heap   total 37888K, used 26172K [0x00000000a0e00000, 0x0000000100000000)
  region size 1024K, 22 young (22528K), 6 survivors (6144K)
 Metaspace       used 25575K, committed 25984K, reserved 1114112K
  class space    used 3047K, committed 3200K, reserved 1048576K
}
Event: 10.747 GC heap after
{Heap after GC invocations=7 (full 0):
 garbage-first heap   total 37888K, used 10989K [0x00000000a0e00000, 0x0000000100000000)
  region size 1024K, 2 young (2048K), 2 survivors (2048K)
 Metaspace       used 25575K, committed 25984K, reserved 1114112K
  class space    used 3047K, committed 3200K, reserved 1048576K
}
Event: 16.364 GC heap before
{Heap before GC invocations=7 (full 0):
 garbage-first heap   total 37888K, used 27373K [0x00000000a0e00000, 0x0000000100000000)
  region size 1024K, 19 young (19456K), 2 survivors (2048K)
 Metaspace       used 30090K, committed 30528K, reserved 1114112K
  class space    used 3711K, committed 3968K, reserved 1048576K
}
Event: 16.373 GC heap after
{Heap after GC invocations=8 (full 0):
 garbage-first heap   total 37888K, used 13089K [0x00000000a0e00000, 0x0000000100000000)
  region size 1024K, 3 young (3072K), 3 survivors (3072K)
 Metaspace       used 30090K, committed 30528K, reserved 1114112K
  class space    used 3711K, committed 3968K, reserved 1048576K
}
Event: 19.012 GC heap before
{Heap before GC invocations=8 (full 0):
 garbage-first heap   total 37888K, used 29473K [0x00000000a0e00000, 0x0000000100000000)
  region size 1024K, 20 young (20480K), 3 survivors (3072K)
 Metaspace       used 32855K, committed 33344K, reserved 1114112K
  class space    used 4234K, committed 4480K, reserved 1048576K
}
Event: 19.032 GC heap after
{Heap after GC invocations=9 (full 0):
 garbage-first heap   total 37888K, used 14767K [0x00000000a0e00000, 0x0000000100000000)
  region size 1024K, 2 young (2048K), 2 survivors (2048K)
 Metaspace       used 32855K, committed 33344K, reserved 1114112K
  class space    used 4234K, committed 4480K, reserved 1048576K
}

