# JRE version: Java(TM) SE Runtime Environment (21.0.7+8) (build 21.0.7+8-LTS-245)
# Java VM: Java HotSpot(TM) 64-Bit Server VM (21.0.7+8-LTS-245, mixed mode, sharing, tiered, compressed oops, compressed class ptrs, g1 gc, windows-amd64)
GC Precious Log:
 CardTable entry size: 512
 Card Set container configuration: InlinePtr #cards 5 size 8 Array Of Cards #cards 12 size 40 Howl #buckets 4 coarsen threshold 1843 Howl Bitmap #cards 512 size 80 coarsen threshold 460 Card regions per heap region 1 cards per card region 2048
 CPUs: 2 total, 2 available
 Memory: 6086M
 Large Page Support: Disabled
 NUMA Support: Disabled
 Compressed Oops: Enabled (32-bit)
 Heap Region Size: 1M
 Heap Min Capacity: 8M
 Heap Initial Capacity: 96M
 Heap Max Capacity: 1522M
 Pre-touch: Disabled
 Parallel Workers: 2
 Concurrent Workers: 1
 Concurrent Refinement Workers: 2
 Periodic GC: Disabled
Heap:
 garbage-first heap   total 34816K, used 26735K [0x00000000a0e00000, 0x0000000100000000)
  region size 1024K, 7 young (7168K), 1 survivors (1024K)
 Metaspace       used 36379K, committed 36864K, reserved 1114112K
  class space    used 4787K, committed 4992K, reserved 1048576K
GC Heap History (20 events):
Event: 0.628 GC heap before
{Heap before GC invocations=0 (full 0):
 garbage-first heap   total 98304K, used 6144K [0x00000000a0e00000, 0x0000000100000000)
  region size 1024K, 6 young (6144K), 0 survivors (0K)
 Metaspace       used 767K, committed 896K, reserved 1114112K
  class space    used 58K, committed 128K, reserved 1048576K
}
Event: 0.633 GC heap after
{Heap after GC invocations=1 (full 0):
 garbage-first heap   total 98304K, used 784K [0x00000000a0e00000, 0x0000000100000000)
  region size 1024K, 1 young (1024K), 1 survivors (1024K)
 Metaspace       used 767K, committed 896K, reserved 1114112K
  class space    used 58K, committed 128K, reserved 1048576K
}
Event: 1.436 GC heap before
{Heap before GC invocations=1 (full 0):
 garbage-first heap   total 98304K, used 6928K [0x00000000a0e00000, 0x0000000100000000)
  region size 1024K, 8 young (8192K), 1 survivors (1024K)
 Metaspace       used 4312K, committed 4480K, reserved 1114112K
  class space    used 466K, committed 512K, reserved 1048576K
}
Event: 1.443 GC heap after
{Heap after GC invocations=2 (full 0):
 garbage-first heap   total 98304K, used 3330K [0x00000000a0e00000, 0x0000000100000000)
  region size 1024K, 1 young (1024K), 1 survivors (1024K)
 Metaspace       used 4312K, committed 4480K, reserved 1114112K
  class space    used 466K, committed 512K, reserved 1048576K
}
Event: 3.717 GC heap before
{Heap before GC invocations=2 (full 0):
 garbage-first heap   total 98304K, used 19714K [0x00000000a0e00000, 0x0000000100000000)
  region size 1024K, 18 young (18432K), 1 survivors (1024K)
 Metaspace       used 9293K, committed 9664K, reserved 1114112K
  class space    used 1043K, committed 1216K, reserved 1048576K
}
Event: 3.724 GC heap after
{Heap after GC invocations=3 (full 0):
 garbage-first heap   total 98304K, used 5224K [0x00000000a0e00000, 0x0000000100000000)
  region size 1024K, 3 young (3072K), 3 survivors (3072K)
 Metaspace       used 9293K, committed 9664K, reserved 1114112K
  class space    used 1043K, committed 1216K, reserved 1048576K
}
Event: 7.512 GC heap before
{Heap before GC invocations=3 (full 0):
 garbage-first heap   total 98304K, used 47208K [0x00000000a0e00000, 0x0000000100000000)
  region size 1024K, 46 young (47104K), 3 survivors (3072K)
 Metaspace       used 21067K, committed 21504K, reserved 1114112K
  class space    used 2544K, committed 2752K, reserved 1048576K
}
Event: 7.548 GC heap after
{Heap after GC invocations=4 (full 0):
 garbage-first heap   total 98304K, used 9767K [0x00000000a0e00000, 0x0000000100000000)
  region size 1024K, 7 young (7168K), 7 survivors (7168K)
 Metaspace       used 21067K, committed 21504K, reserved 1114112K
  class space    used 2544K, committed 2752K, reserved 1048576K
}
Event: 9.967 GC heap before
{Heap before GC invocations=5 (full 0):
 garbage-first heap   total 34816K, used 22055K [0x00000000a0e00000, 0x0000000100000000)
  region size 1024K, 20 young (20480K), 7 survivors (7168K)
 Metaspace       used 25568K, committed 25920K, reserved 1114112K
  class space    used 3047K, committed 3200K, reserved 1048576K
}
Event: 9.991 GC heap after
{Heap after GC invocations=6 (full 0):
 garbage-first heap   total 34816K, used 11129K [0x00000000a0e00000, 0x0000000100000000)
  region size 1024K, 2 young (2048K), 2 survivors (2048K)
 Metaspace       used 25568K, committed 25920K, reserved 1114112K
  class space    used 3047K, committed 3200K, reserved 1048576K
}
Event: 12.434 GC heap before
{Heap before GC invocations=6 (full 0):
 garbage-first heap   total 34816K, used 25465K [0x00000000a0e00000, 0x0000000100000000)
  region size 1024K, 17 young (17408K), 2 survivors (2048K)
 Metaspace       used 29010K, committed 29504K, reserved 1114112K
  class space    used 3514K, committed 3776K, reserved 1048576K
}
Event: 12.441 GC heap after
{Heap after GC invocations=7 (full 0):
 garbage-first heap   total 34816K, used 11353K [0x00000000a0e00000, 0x0000000100000000)
  region size 1024K, 2 young (2048K), 2 survivors (2048K)
 Metaspace       used 29010K, committed 29504K, reserved 1114112K
  class space    used 3514K, committed 3776K, reserved 1048576K
}
Event: 16.054 GC heap before
{Heap before GC invocations=7 (full 0):
 garbage-first heap   total 34816K, used 26713K [0x00000000a0e00000, 0x0000000100000000)
  region size 1024K, 18 young (18432K), 2 survivors (2048K)
 Metaspace       used 31795K, committed 32256K, reserved 1114112K
  class space    used 3981K, committed 4224K, reserved 1048576K
}
Event: 16.064 GC heap after
{Heap after GC invocations=8 (full 0):
 garbage-first heap   total 34816K, used 13686K [0x00000000a0e00000, 0x0000000100000000)
  region size 1024K, 3 young (3072K), 3 survivors (3072K)
 Metaspace       used 31795K, committed 32256K, reserved 1114112K
  class space    used 3981K, committed 4224K, reserved 1048576K
}
Event: 16.806 GC heap before
{Heap before GC invocations=8 (full 0):
 garbage-first heap   total 34816K, used 28022K [0x00000000a0e00000, 0x0000000100000000)
  region size 1024K, 17 young (17408K), 3 survivors (3072K)
 Metaspace       used 34438K, committed 34944K, reserved 1114112K
  class space    used 4614K, committed 4864K, reserved 1048576K
}
Event: 16.815 GC heap after
{Heap after GC invocations=9 (full 0):
 garbage-first heap   total 34816K, used 15244K [0x00000000a0e00000, 0x0000000100000000)
  region size 1024K, 2 young (2048K), 2 survivors (2048K)
 Metaspace       used 34438K, committed 34944K, reserved 1114112K
  class space    used 4614K, committed 4864K, reserved 1048576K
}
Event: 18.957 GC heap before
{Heap before GC invocations=9 (full 0):
 garbage-first heap   total 34816K, used 28556K [0x00000000a0e00000, 0x0000000100000000)
  region size 1024K, 15 young (15360K), 2 survivors (2048K)
 Metaspace       used 35411K, committed 35904K, reserved 1114112K
  class space    used 4674K, committed 4864K, reserved 1048576K
}
Event: 18.975 GC heap after
{Heap after GC invocations=10 (full 0):
 garbage-first heap   total 34816K, used 17914K [0x00000000a0e00000, 0x0000000100000000)
  region size 1024K, 2 young (2048K), 2 survivors (2048K)
 Metaspace       used 35411K, committed 35904K, reserved 1114112K
  class space    used 4674K, committed 4864K, reserved 1048576K
}
Event: 19.021 GC heap before
{Heap before GC invocations=10 (full 0):
 garbage-first heap   total 34816K, used 17914K [0x00000000a0e00000, 0x0000000100000000)
  region size 1024K, 3 young (3072K), 2 survivors (2048K)
 Metaspace       used 35481K, committed 35968K, reserved 1114112K
  class space    used 4683K, committed 4928K, reserved 1048576K
}
Event: 19.027 GC heap after
{Heap after GC invocations=11 (full 0):
 garbage-first heap   total 34816K, used 18543K [0x00000000a0e00000, 0x0000000100000000)
  region size 1024K, 1 young (1024K), 1 survivors (1024K)
 Metaspace       used 35481K, committed 35968K, reserved 1114112K
  class space    used 4683K, committed 4928K, reserved 1048576K
}

